build/outputs/logs/manifest-merger-debug-report.txt
-- Merging decision tree log ---
manifest
ADDED from workspace\MultiPlayGame\AndroidManifest.xml:2:1-35:12
	xmlns:android
		ADDED from workspace\MultiPlayGame\AndroidManifest.xml:2:11-69
	package
		ADDED from workspace\MultiPlayGame\AndroidManifest.xml:3:5-40
	android:versionName
		ADDED from workspace\MultiPlayGame\AndroidManifest.xml:5:5-30
		INJECTED from workspace\MultiPlayGame\AndroidManifest.xml
		INJECTED from workspace\MultiPlayGame\AndroidManifest.xml
	android:versionCode
		ADDED from workspace\MultiPlayGame\AndroidManifest.xml:4:5-28
		INJECTED from workspace\MultiPlayGame\AndroidManifest.xml
		INJECTED from workspace\MultiPlayGame\AndroidManifest.xml
uses-sdk
ADDED from workspace\MultiPlayGame\AndroidManifest.xml:7:5-9:41
	android:targetSdkVersion
		ADDED from workspace\MultiPlayGame\AndroidManifest.xml:9:9-38
	android:minSdkVersion
		ADDED from workspace\MultiPlayGame\AndroidManifest.xml:8:9-34
application
ADDED from workspace\MultiPlayGame\AndroidManifest.xml:11:5-30:19
	android:label
		ADDED from workspace\MultiPlayGame\AndroidManifest.xml:14:9-41
	android:allowBackup
		ADDED from workspace\MultiPlayGame\AndroidManifest.xml:12:9-35
	android:icon
		ADDED from workspace\MultiPlayGame\AndroidManifest.xml:13:9-45
	android:theme
		ADDED from workspace\MultiPlayGame\AndroidManifest.xml:15:9-40
activity#com.example.multiplaygame.MainActivity
ADDED from workspace\MultiPlayGame\AndroidManifest.xml:16:9-24:20
	android:label
		ADDED from workspace\MultiPlayGame\AndroidManifest.xml:18:13-45
	android:name
		ADDED from workspace\MultiPlayGame\AndroidManifest.xml:17:13-66
intent-filter#android.intent.action.MAIN+android.intent.category.LAUNCHER
ADDED from workspace\MultiPlayGame\AndroidManifest.xml:19:13-23:29
action#android.intent.action.MAIN
ADDED from workspace\MultiPlayGame\AndroidManifest.xml:20:17-69
	android:name
		ADDED from workspace\MultiPlayGame\AndroidManifest.xml:20:25-66
category#android.intent.category.LAUNCHER
ADDED from workspace\MultiPlayGame\AndroidManifest.xml:22:17-77
	android:name
		ADDED from workspace\MultiPlayGame\AndroidManifest.xml:22:27-74
activity#com.example.multiplaygame.OpenGLTest
ADDED from workspace\MultiPlayGame\AndroidManifest.xml:25:9-28:20
	android:label
		ADDED from workspace\MultiPlayGame\AndroidManifest.xml:27:13-63
	android:name
		ADDED from workspace\MultiPlayGame\AndroidManifest.xml:26:13-64
activity#openGL3DTest.BlobhunterActivity
ADDED from workspace\MultiPlayGame\AndroidManifest.xml:29:9-77
	android:name
		ADDED from workspace\MultiPlayGame\AndroidManifest.xml:29:19-65
uses-permission#android.permission.INTERNET
ADDED from workspace\MultiPlayGame\AndroidManifest.xml:32:5-67
	android:name
		ADDED from workspace\MultiPlayGame\AndroidManifest.xml:32:22-64
uses-permission#android.permission.ACCESS_NETWORK_STATE
ADDED from workspace\MultiPlayGame\AndroidManifest.xml:33:5-79
	android:name
		ADDED from workspace\MultiPlayGame\AndroidManifest.xml:33:22-76